  Source1.cpp
c:\users\user\desktop\school\fall 2017\bcs 230 programming 2\assigments\romanarray\romanarray\introman.h(16): error C2086: 'double IntRoman::num': redefinition
  c:\users\user\desktop\school\fall 2017\bcs 230 programming 2\assigments\romanarray\romanarray\introman.h(10): note: see declaration of 'IntRoman::num'
c:\users\user\desktop\school\fall 2017\bcs 230 programming 2\assigments\romanarray\romanarray\introman.h(19): error C2082: redefinition of formal parameter 'num'
c:\users\user\desktop\school\fall 2017\bcs 230 programming 2\assigments\romanarray\romanarray\introman.h(20): error C2082: redefinition of formal parameter 'intnum'
c:\users\user\desktop\school\fall 2017\bcs 230 programming 2\assigments\romanarray\romanarray\introman.h(21): error C2082: redefinition of formal parameter 'm'
c:\users\user\desktop\school\fall 2017\bcs 230 programming 2\assigments\romanarray\romanarray\introman.h(22): error C2082: redefinition of formal parameter 'd'
c:\users\user\desktop\school\fall 2017\bcs 230 programming 2\assigments\romanarray\romanarray\introman.h(23): error C2082: redefinition of formal parameter 'c'
c:\users\user\desktop\school\fall 2017\bcs 230 programming 2\assigments\romanarray\romanarray\introman.h(24): error C2082: redefinition of formal parameter 'l'
c:\users\user\desktop\school\fall 2017\bcs 230 programming 2\assigments\romanarray\romanarray\introman.h(25): error C2082: redefinition of formal parameter 'x'
c:\users\user\desktop\school\fall 2017\bcs 230 programming 2\assigments\romanarray\romanarray\introman.h(26): error C2082: redefinition of formal parameter 'v'
c:\users\user\desktop\school\fall 2017\bcs 230 programming 2\assigments\romanarray\romanarray\introman.h(27): error C2082: redefinition of formal parameter 'i'
c:\users\user\desktop\school\fall 2017\bcs 230 programming 2\assigments\romanarray\romanarray\introman.h(28): error C2082: redefinition of formal parameter 'n'
c:\users\user\desktop\school\fall 2017\bcs 230 programming 2\assigments\romanarray\romanarray\introman.h(32): error C2082: redefinition of formal parameter 'm'
c:\users\user\desktop\school\fall 2017\bcs 230 programming 2\assigments\romanarray\romanarray\introman.h(33): error C2082: redefinition of formal parameter 'd'
c:\users\user\desktop\school\fall 2017\bcs 230 programming 2\assigments\romanarray\romanarray\introman.h(34): error C2082: redefinition of formal parameter 'c'
c:\users\user\desktop\school\fall 2017\bcs 230 programming 2\assigments\romanarray\romanarray\introman.h(35): error C2082: redefinition of formal parameter 'l'
c:\users\user\desktop\school\fall 2017\bcs 230 programming 2\assigments\romanarray\romanarray\introman.h(36): error C2082: redefinition of formal parameter 'x'
c:\users\user\desktop\school\fall 2017\bcs 230 programming 2\assigments\romanarray\romanarray\introman.h(37): error C2082: redefinition of formal parameter 'v'
c:\users\user\desktop\school\fall 2017\bcs 230 programming 2\assigments\romanarray\romanarray\introman.h(38): error C2082: redefinition of formal parameter 'i'
c:\users\user\desktop\school\fall 2017\bcs 230 programming 2\assigments\romanarray\romanarray\introman.h(39): error C2082: redefinition of formal parameter 'n'
  IntRoman.cpp
c:\users\user\desktop\school\fall 2017\bcs 230 programming 2\assigments\romanarray\romanarray\introman.h(16): error C2086: 'double IntRoman::num': redefinition
  c:\users\user\desktop\school\fall 2017\bcs 230 programming 2\assigments\romanarray\romanarray\introman.h(10): note: see declaration of 'IntRoman::num'
c:\users\user\desktop\school\fall 2017\bcs 230 programming 2\assigments\romanarray\romanarray\introman.h(19): error C2082: redefinition of formal parameter 'num'
c:\users\user\desktop\school\fall 2017\bcs 230 programming 2\assigments\romanarray\romanarray\introman.h(20): error C2082: redefinition of formal parameter 'intnum'
c:\users\user\desktop\school\fall 2017\bcs 230 programming 2\assigments\romanarray\romanarray\introman.h(21): error C2082: redefinition of formal parameter 'm'
c:\users\user\desktop\school\fall 2017\bcs 230 programming 2\assigments\romanarray\romanarray\introman.h(22): error C2082: redefinition of formal parameter 'd'
c:\users\user\desktop\school\fall 2017\bcs 230 programming 2\assigments\romanarray\romanarray\introman.h(23): error C2082: redefinition of formal parameter 'c'
c:\users\user\desktop\school\fall 2017\bcs 230 programming 2\assigments\romanarray\romanarray\introman.h(24): error C2082: redefinition of formal parameter 'l'
c:\users\user\desktop\school\fall 2017\bcs 230 programming 2\assigments\romanarray\romanarray\introman.h(25): error C2082: redefinition of formal parameter 'x'
c:\users\user\desktop\school\fall 2017\bcs 230 programming 2\assigments\romanarray\romanarray\introman.h(26): error C2082: redefinition of formal parameter 'v'
c:\users\user\desktop\school\fall 2017\bcs 230 programming 2\assigments\romanarray\romanarray\introman.h(27): error C2082: redefinition of formal parameter 'i'
c:\users\user\desktop\school\fall 2017\bcs 230 programming 2\assigments\romanarray\romanarray\introman.h(28): error C2082: redefinition of formal parameter 'n'
c:\users\user\desktop\school\fall 2017\bcs 230 programming 2\assigments\romanarray\romanarray\introman.h(32): error C2082: redefinition of formal parameter 'm'
c:\users\user\desktop\school\fall 2017\bcs 230 programming 2\assigments\romanarray\romanarray\introman.h(33): error C2082: redefinition of formal parameter 'd'
c:\users\user\desktop\school\fall 2017\bcs 230 programming 2\assigments\romanarray\romanarray\introman.h(34): error C2082: redefinition of formal parameter 'c'
c:\users\user\desktop\school\fall 2017\bcs 230 programming 2\assigments\romanarray\romanarray\introman.h(35): error C2082: redefinition of formal parameter 'l'
c:\users\user\desktop\school\fall 2017\bcs 230 programming 2\assigments\romanarray\romanarray\introman.h(36): error C2082: redefinition of formal parameter 'x'
c:\users\user\desktop\school\fall 2017\bcs 230 programming 2\assigments\romanarray\romanarray\introman.h(37): error C2082: redefinition of formal parameter 'v'
c:\users\user\desktop\school\fall 2017\bcs 230 programming 2\assigments\romanarray\romanarray\introman.h(38): error C2082: redefinition of formal parameter 'i'
c:\users\user\desktop\school\fall 2017\bcs 230 programming 2\assigments\romanarray\romanarray\introman.h(39): error C2082: redefinition of formal parameter 'n'
c:\users\user\desktop\school\fall 2017\bcs 230 programming 2\assigments\romanarray\romanarray\introman.cpp(12): error C2084: function 'void IntRoman::setRomanMath(double,int,int,int,int,int,int,int,int,int)' already has a body
  c:\users\user\desktop\school\fall 2017\bcs 230 programming 2\assigments\romanarray\romanarray\introman.h(18): note: see previous definition of 'setRomanMath'
c:\users\user\desktop\school\fall 2017\bcs 230 programming 2\assigments\romanarray\romanarray\introman.cpp(25): error C2084: function 'void IntRoman::print(int,int,int,int,int,int,int,int)' already has a body
  c:\users\user\desktop\school\fall 2017\bcs 230 programming 2\assigments\romanarray\romanarray\introman.h(31): note: see previous definition of 'print'
  Generating Code...
